e:\学习\vs2013\projects\bmp压缩与隐写术\bmp压缩与隐写术\debug\bmp压缩与隐写术.pch
e:\学习\vs2013\projects\bmp压缩与隐写术\bmp压缩与隐写术\debug\vc120.pdb
e:\学习\vs2013\projects\bmp压缩与隐写术\bmp压缩与隐写术\debug\vc120.idb
e:\学习\vs2013\projects\bmp压缩与隐写术\bmp压缩与隐写术\debug\stdafx.obj
e:\学习\vs2013\projects\bmp压缩与隐写术\bmp压缩与隐写术\debug\bmp压缩与隐写术.obj
e:\学习\vs2013\projects\bmp压缩与隐写术\bmp压缩与隐写术\debug\bmp压缩与隐写术dlg.obj
e:\学习\vs2013\projects\bmp压缩与隐写术\bmp压缩与隐写术\debug\run.obj
e:\学习\vs2013\projects\bmp压缩与隐写术\debug\bmp压缩与隐写术.ilk
e:\学习\vs2013\projects\bmp压缩与隐写术\debug\bmp压缩与隐写术.exe
e:\学习\vs2013\projects\bmp压缩与隐写术\debug\bmp压缩与隐写术.pdb
e:\学习\vs2013\projects\bmp压缩与隐写术\bmp压缩与隐写术\debug\bmp压缩与隐写术.res
e:\学习\vs2013\projects\bmp压缩与隐写术\bmp压缩与隐写术\debug\bmp压缩与隐写术.tlog\cl.command.1.tlog
e:\学习\vs2013\projects\bmp压缩与隐写术\bmp压缩与隐写术\debug\bmp压缩与隐写术.tlog\cl.read.1.tlog
e:\学习\vs2013\projects\bmp压缩与隐写术\bmp压缩与隐写术\debug\bmp压缩与隐写术.tlog\cl.write.1.tlog
e:\学习\vs2013\projects\bmp压缩与隐写术\bmp压缩与隐写术\debug\bmp压缩与隐写术.tlog\link.command.1.tlog
e:\学习\vs2013\projects\bmp压缩与隐写术\bmp压缩与隐写术\debug\bmp压缩与隐写术.tlog\link.read.1.tlog
e:\学习\vs2013\projects\bmp压缩与隐写术\bmp压缩与隐写术\debug\bmp压缩与隐写术.tlog\link.write.1.tlog
e:\学习\vs2013\projects\bmp压缩与隐写术\bmp压缩与隐写术\debug\bmp压缩与隐写术.tlog\rc.command.1.tlog
e:\学习\vs2013\projects\bmp压缩与隐写术\bmp压缩与隐写术\debug\bmp压缩与隐写术.tlog\rc.read.1.tlog
e:\学习\vs2013\projects\bmp压缩与隐写术\bmp压缩与隐写术\debug\bmp压缩与隐写术.tlog\rc.write.1.tlog
