生成启动时间为 2016/6/27 16:03:18。
     1>项目“E:\学习\VS2013\projects\BMP压缩与隐写术\BMP压缩与隐写术\BMP压缩与隐写术.vcxproj”在节点 2 上(Build 个目标)。
     1>ClCompile:
         E:\学习\VS2013\VC\bin\CL.exe /c /ZI /nologo /W3 /WX- /sdl /Od /Oy- /D WIN32 /D _WINDOWS /D _DEBUG /D _UNICODE /D UNICODE /Gm /EHsc /RTC1 /MT /GS /fp:precise /Zc:wchar_t /Zc:forScope /Yu"stdafx.h" /Fp"Debug\BMP压缩与隐写术.pch" /Fo"Debug\\" /Fd"Debug\vc120.pdb" /Gd /TP /analyze- /errorReport:prompt "BMP压缩与隐写术Dlg.cpp"
         BMP压缩与隐写术Dlg.cpp
     1>e:\学习\vs2013\projects\bmp压缩与隐写术\bmp压缩与隐写术\bmp压缩与隐写术dlg.cpp(507): warning C4244: “参数”: 从“time_t”转换到“unsigned int”，可能丢失数据
     1>e:\学习\vs2013\projects\bmp压缩与隐写术\bmp压缩与隐写术\bmp压缩与隐写术dlg.cpp(354): warning C4101: “a”: 未引用的局部变量
       Link:
         E:\学习\VS2013\VC\bin\link.exe /ERRORREPORT:PROMPT /OUT:"E:\学习\VS2013\projects\BMP压缩与隐写术\Debug\BMP压缩与隐写术.exe" /INCREMENTAL /NOLOGO /MANIFEST /MANIFESTUAC:"level='asInvoker' uiAccess='false'" /manifest:embed /manifestinput:"E:\学习\VS2013\VC\Include\Manifest\dpiaware.manifest" /DEBUG /PDB:"E:\学习\VS2013\projects\BMP压缩与隐写术\Debug\BMP压缩与隐写术.pdb" /SUBSYSTEM:WINDOWS /TLBID:1 /ENTRY:"wWinMainCRTStartup" /DYNAMICBASE /NXCOMPAT /IMPLIB:"E:\学习\VS2013\projects\BMP压缩与隐写术\Debug\BMP压缩与隐写术.lib" /MACHINE:X86 "Debug\BMP压缩与隐写术.res"
         "Debug\BMP压缩与隐写术.obj"
         "Debug\BMP压缩与隐写术Dlg.obj"
         Debug\ezw.obj
         Debug\huff.obj
         Debug\md5.obj
         Debug\Run.obj
         Debug\stdafx.obj
         Debug\wavelet.obj
         Debug\yinxie.obj
         BMP压缩与隐写术.vcxproj -> E:\学习\VS2013\projects\BMP压缩与隐写术\Debug\BMP压缩与隐写术.exe
     1>已完成生成项目“E:\学习\VS2013\projects\BMP压缩与隐写术\BMP压缩与隐写术\BMP压缩与隐写术.vcxproj”(Build 个目标)的操作。

生成成功。

已用时间 00:00:01.15
